<?xml version="1.0" encoding="UTF-8" ?>
<testsuites>
  <testsuite errors="0" failures="0" hostname="LAPTOP-GVA0V372" id="0" name="PointTest" package="" skipped="0" tests="3" time="0.124" timestamp="2024-05-29T02:27:41">
      <properties>
[...]
</properties>

      <testcase classname="PointTest" name="testTriangle" time="0.004" />

      <testcase classname="PointTest" name="testCircle" time="0.0" />

      <testcase classname="PointTest" name="testSquare" time="0.0" />

      <system-out><![CDATA[]]></system-out>

      <system-err><![CDATA[]]></system-err>

  </testsuite>
</testsuites>
